HEADER.html          0x60945581   1620333953 Thu 06 May 2021 01:45:53 PM PDT
RCS                  0x60948528   1620346152 Thu 06 May 2021 05:09:12 PM PDT
graph.output         0x60948528   1620346152 Thu 06 May 2021 05:09:12 PM PDT
graph.perl           0x60948528   1620346152 Thu 06 May 2021 05:09:12 PM PDT
mk                   0x6094866E   1620346478 Thu 06 May 2021 05:14:38 PM PDT
modtime.output       0x60948673   1620346483 Thu 06 May 2021 05:14:43 PM PDT
modtime.perl         0x60948528   1620346152 Thu 06 May 2021 05:09:12 PM PDT
quotemeta.perl       0x6042F947   1615001927 Fri 05 Mar 2021 07:38:47 PM PST
runcmd.perl          0x60948528   1620346152 Thu 06 May 2021 05:09:12 PM PDT
sigtoperl            0x60948528   1620346152 Thu 06 May 2021 05:09:12 PM PDT
sigtoperl.cpp        0x60948528   1620346152 Thu 06 May 2021 05:09:12 PM PDT
sigtoperl.output     0x60948528   1620346152 Thu 06 May 2021 05:09:12 PM PDT
subst-macros.perl    0x60416EC1   1614900929 Thu 04 Mar 2021 03:35:29 PM PST
utime-0.txt          0x00000000            0 Wed 31 Dec 1969 04:00:00 PM PST
utime-max31.txt      0x7FFFFFFF   2147483647 Mon 18 Jan 2038 07:14:07 PM PST
utime-max47.txt      0xFFFFFFFF   4294967295 Sat 06 Feb 2106 10:28:15 PM PST
utime-min31.txt      0x60948673   1620346483 Thu 06 May 2021 05:14:43 PM PDT
utime-min47.txt      0x60948673   1620346483 Thu 06 May 2021 05:14:43 PM PDT
.                    0x6094866E   1620346478 Thu 06 May 2021 05:14:38 PM PDT
/dev/null            0x60906FA4   1620078500 Mon 03 May 2021 02:48:20 PM PDT
