# sigtoperl: x86_64 Linux unix6.lt.ucsc.edu
# sigtoperl: Thu May  6 17:09:12 2021
my %strsignal = (
    0 => "Unknown signal 0",
    1 => "Hangup",
    2 => "Interrupt",
    3 => "Quit",
    4 => "Illegal instruction",
    5 => "Trace/breakpoint trap",
    6 => "Aborted",
    7 => "Bus error",
    8 => "Floating point exception",
    9 => "Killed",
   10 => "User defined signal 1",
   11 => "Segmentation fault",
   12 => "User defined signal 2",
   13 => "Broken pipe",
   14 => "Alarm clock",
   15 => "Terminated",
   16 => "Stack fault",
   17 => "Child exited",
   18 => "Continued",
   19 => "Stopped (signal)",
   20 => "Stopped",
   21 => "Stopped (tty input)",
   22 => "Stopped (tty output)",
   23 => "Urgent I/O condition",
   24 => "CPU time limit exceeded",
   25 => "File size limit exceeded",
   26 => "Virtual timer expired",
   27 => "Profiling timer expired",
   28 => "Window changed",
   29 => "I/O possible",
   30 => "Power failure",
   31 => "Bad system call",
   32 => "Unknown signal 32",
   33 => "Unknown signal 33",
   34 => "Real-time signal 0",
   35 => "Real-time signal 1",
   36 => "Real-time signal 2",
   37 => "Real-time signal 3",
   38 => "Real-time signal 4",
   39 => "Real-time signal 5",
   40 => "Real-time signal 6",
   41 => "Real-time signal 7",
   42 => "Real-time signal 8",
   43 => "Real-time signal 9",
   44 => "Real-time signal 10",
   45 => "Real-time signal 11",
   46 => "Real-time signal 12",
   47 => "Real-time signal 13",
   48 => "Real-time signal 14",
   49 => "Real-time signal 15",
   50 => "Real-time signal 16",
   51 => "Real-time signal 17",
   52 => "Real-time signal 18",
   53 => "Real-time signal 19",
   54 => "Real-time signal 20",
   55 => "Real-time signal 21",
   56 => "Real-time signal 22",
   57 => "Real-time signal 23",
   58 => "Real-time signal 24",
   59 => "Real-time signal 25",
   60 => "Real-time signal 26",
   61 => "Real-time signal 27",
   62 => "Real-time signal 28",
   63 => "Real-time signal 29",
   64 => "Real-time signal 30",
   65 => "Unknown signal 65",
   66 => "Unknown signal 66",
   67 => "Unknown signal 67",
   68 => "Unknown signal 68",
   69 => "Unknown signal 69",
   70 => "Unknown signal 70",
   71 => "Unknown signal 71",
   72 => "Unknown signal 72",
   73 => "Unknown signal 73",
   74 => "Unknown signal 74",
   75 => "Unknown signal 75",
   76 => "Unknown signal 76",
   77 => "Unknown signal 77",
   78 => "Unknown signal 78",
   79 => "Unknown signal 79",
   80 => "Unknown signal 80",
   81 => "Unknown signal 81",
   82 => "Unknown signal 82",
   83 => "Unknown signal 83",
   84 => "Unknown signal 84",
   85 => "Unknown signal 85",
   86 => "Unknown signal 86",
   87 => "Unknown signal 87",
   88 => "Unknown signal 88",
   89 => "Unknown signal 89",
   90 => "Unknown signal 90",
   91 => "Unknown signal 91",
   92 => "Unknown signal 92",
   93 => "Unknown signal 93",
   94 => "Unknown signal 94",
   95 => "Unknown signal 95",
   96 => "Unknown signal 96",
   97 => "Unknown signal 97",
   98 => "Unknown signal 98",
   99 => "Unknown signal 99",
  100 => "Unknown signal 100",
  101 => "Unknown signal 101",
  102 => "Unknown signal 102",
  103 => "Unknown signal 103",
  104 => "Unknown signal 104",
  105 => "Unknown signal 105",
  106 => "Unknown signal 106",
  107 => "Unknown signal 107",
  108 => "Unknown signal 108",
  109 => "Unknown signal 109",
  110 => "Unknown signal 110",
  111 => "Unknown signal 111",
  112 => "Unknown signal 112",
  113 => "Unknown signal 113",
  114 => "Unknown signal 114",
  115 => "Unknown signal 115",
  116 => "Unknown signal 116",
  117 => "Unknown signal 117",
  118 => "Unknown signal 118",
  119 => "Unknown signal 119",
  120 => "Unknown signal 120",
  121 => "Unknown signal 121",
  122 => "Unknown signal 122",
  123 => "Unknown signal 123",
  124 => "Unknown signal 124",
  125 => "Unknown signal 125",
  126 => "Unknown signal 126",
  127 => "Unknown signal 127",
  128 => "Unknown signal 128",
  129 => "Unknown signal 129",
  130 => "Unknown signal 130",
  131 => "Unknown signal 131",
  132 => "Unknown signal 132",
  133 => "Unknown signal 133",
  134 => "Unknown signal 134",
  135 => "Unknown signal 135",
  136 => "Unknown signal 136",
  137 => "Unknown signal 137",
  138 => "Unknown signal 138",
  139 => "Unknown signal 139",
  140 => "Unknown signal 140",
  141 => "Unknown signal 141",
  142 => "Unknown signal 142",
  143 => "Unknown signal 143",
  144 => "Unknown signal 144",
  145 => "Unknown signal 145",
  146 => "Unknown signal 146",
  147 => "Unknown signal 147",
  148 => "Unknown signal 148",
  149 => "Unknown signal 149",
  150 => "Unknown signal 150",
  151 => "Unknown signal 151",
  152 => "Unknown signal 152",
  153 => "Unknown signal 153",
  154 => "Unknown signal 154",
  155 => "Unknown signal 155",
  156 => "Unknown signal 156",
  157 => "Unknown signal 157",
  158 => "Unknown signal 158",
  159 => "Unknown signal 159",
  160 => "Unknown signal 160",
  161 => "Unknown signal 161",
  162 => "Unknown signal 162",
  163 => "Unknown signal 163",
  164 => "Unknown signal 164",
  165 => "Unknown signal 165",
  166 => "Unknown signal 166",
  167 => "Unknown signal 167",
  168 => "Unknown signal 168",
  169 => "Unknown signal 169",
  170 => "Unknown signal 170",
  171 => "Unknown signal 171",
  172 => "Unknown signal 172",
  173 => "Unknown signal 173",
  174 => "Unknown signal 174",
  175 => "Unknown signal 175",
  176 => "Unknown signal 176",
  177 => "Unknown signal 177",
  178 => "Unknown signal 178",
  179 => "Unknown signal 179",
  180 => "Unknown signal 180",
  181 => "Unknown signal 181",
  182 => "Unknown signal 182",
  183 => "Unknown signal 183",
  184 => "Unknown signal 184",
  185 => "Unknown signal 185",
  186 => "Unknown signal 186",
  187 => "Unknown signal 187",
  188 => "Unknown signal 188",
  189 => "Unknown signal 189",
  190 => "Unknown signal 190",
  191 => "Unknown signal 191",
  192 => "Unknown signal 192",
  193 => "Unknown signal 193",
  194 => "Unknown signal 194",
  195 => "Unknown signal 195",
  196 => "Unknown signal 196",
  197 => "Unknown signal 197",
  198 => "Unknown signal 198",
  199 => "Unknown signal 199",
  200 => "Unknown signal 200",
  201 => "Unknown signal 201",
  202 => "Unknown signal 202",
  203 => "Unknown signal 203",
  204 => "Unknown signal 204",
  205 => "Unknown signal 205",
  206 => "Unknown signal 206",
  207 => "Unknown signal 207",
  208 => "Unknown signal 208",
  209 => "Unknown signal 209",
  210 => "Unknown signal 210",
  211 => "Unknown signal 211",
  212 => "Unknown signal 212",
  213 => "Unknown signal 213",
  214 => "Unknown signal 214",
  215 => "Unknown signal 215",
  216 => "Unknown signal 216",
  217 => "Unknown signal 217",
  218 => "Unknown signal 218",
  219 => "Unknown signal 219",
  220 => "Unknown signal 220",
  221 => "Unknown signal 221",
  222 => "Unknown signal 222",
  223 => "Unknown signal 223",
  224 => "Unknown signal 224",
  225 => "Unknown signal 225",
  226 => "Unknown signal 226",
  227 => "Unknown signal 227",
  228 => "Unknown signal 228",
  229 => "Unknown signal 229",
  230 => "Unknown signal 230",
  231 => "Unknown signal 231",
  232 => "Unknown signal 232",
  233 => "Unknown signal 233",
  234 => "Unknown signal 234",
  235 => "Unknown signal 235",
  236 => "Unknown signal 236",
  237 => "Unknown signal 237",
  238 => "Unknown signal 238",
  239 => "Unknown signal 239",
  240 => "Unknown signal 240",
  241 => "Unknown signal 241",
  242 => "Unknown signal 242",
  243 => "Unknown signal 243",
  244 => "Unknown signal 244",
  245 => "Unknown signal 245",
  246 => "Unknown signal 246",
  247 => "Unknown signal 247",
  248 => "Unknown signal 248",
  249 => "Unknown signal 249",
  250 => "Unknown signal 250",
  251 => "Unknown signal 251",
  252 => "Unknown signal 252",
  253 => "Unknown signal 253",
  254 => "Unknown signal 254",
);
